[debug] [2025-07-18T05:58:46.349Z] ----------------------------------------------------------------------
[debug] [2025-07-18T05:58:46.369Z] Command:       C:\Program Files\nodejs\node.exe C:\Users\ALLAH\AppData\Roaming\npm\node_modules\firebase-tools\lib\bin\firebase.js init
[debug] [2025-07-18T05:58:46.369Z] CLI Version:   14.10.1
[debug] [2025-07-18T05:58:46.370Z] Platform:      win32
[debug] [2025-07-18T05:58:46.370Z] Node Version:  v22.17.0
[debug] [2025-07-18T05:58:46.370Z] Time:          Thu Jul 17 2025 22:58:46 GMT-0700 (Pacific Daylight Time)
[debug] [2025-07-18T05:58:46.371Z] ----------------------------------------------------------------------
[debug] 
[debug] [2025-07-18T05:58:46.374Z] >>> [apiv2][query] GET https://firebase-public.firebaseio.com/cli.json [none]
[debug] [2025-07-18T05:58:46.590Z] > command requires scopes: ["email","openid","https://www.googleapis.com/auth/cloudplatformprojects.readonly","https://www.googleapis.com/auth/firebase","https://www.googleapis.com/auth/cloud-platform"]
[debug] [2025-07-18T05:58:46.591Z] > authorizing via signed-in user (ariftayyab088@gmail.com)
[info] 
     ######## #### ########  ######## ########     ###     ######  ########
     ##        ##  ##     ## ##       ##     ##  ##   ##  ##       ##
     ######    ##  ########  ######   ########  #########  ######  ######
     ##        ##  ##    ##  ##       ##     ## ##     ##       ## ##
     ##       #### ##     ## ######## ########  ##     ##  ######  ########

You're about to initialize a Firebase project in this directory:

  C:\Users\ALLAH\Desktop\JAVA SCRIPT\calculator

[debug] [2025-07-18T05:58:47.589Z] <<< [apiv2][status] GET https://firebase-public.firebaseio.com/cli.json 200
[debug] [2025-07-18T05:58:47.589Z] <<< [apiv2][body] GET https://firebase-public.firebaseio.com/cli.json {"cloudBuildErrorAfter":1594252800000,"cloudBuildWarnAfter":1590019200000,"defaultNode10After":1594252800000,"minVersion":"3.0.5","node8DeploysDisabledAfter":1613390400000,"node8RuntimeDisabledAfter":1615809600000,"node8WarnAfter":1600128000000}
